<?xml version="1.0" encoding="UTF-8" ?>
<testsuite failures="0" time="0.124" errors="0" skipped="0" tests="1" name="DrawSquareTest">
  <properties>
    <property name="java.runtime.name" value="Java(TM) SE Runtime Environment"/>
    <property name="sun.boot.library.path" value="/System/Library/Java/JavaVirtualMachines/1.6.0.jdk/Contents/Libraries"/>
    <property name="java.vm.version" value="20.14-b01-447"/>
    <property name="awt.nativeDoubleBuffering" value="true"/>
    <property name="gopherProxySet" value="false"/>
    <property name="mrj.build" value="11M4203"/>
    <property name="java.vm.vendor" value="Apple Inc."/>
    <property name="java.vendor.url" value="http://www.apple.com/"/>
    <property name="path.separator" value=":"/>
    <property name="java.vm.name" value="Java HotSpot(TM) 64-Bit Server VM"/>
    <property name="file.encoding.pkg" value="sun.io"/>
    <property name="user.country" value="US"/>
    <property name="sun.java.launcher" value="SUN_STANDARD"/>
    <property name="sun.os.patch.level" value="unknown"/>
    <property name="java.vm.specification.name" value="Java Virtual Machine Specification"/>
    <property name="user.dir" value="/Users/Ramkumar/Sites/chess"/>
    <property name="java.runtime.version" value="1.6.0_43-b01-447-11M4203"/>
    <property name="java.awt.graphicsenv" value="apple.awt.CGraphicsEnvironment"/>
    <property name="basedir" value="/Users/Ramkumar/Sites/chess"/>
    <property name="java.endorsed.dirs" value="/System/Library/Java/JavaVirtualMachines/1.6.0.jdk/Contents/Home/lib/endorsed"/>
    <property name="os.arch" value="x86_64"/>
    <property name="surefire.real.class.path" value="/Users/Ramkumar/Sites/chess/target/surefire/surefirebooter7107942297991423490.jar"/>
    <property name="java.io.tmpdir" value="/var/folders/mr/zr95q5qs457f1vq7y19z72700000gn/T/"/>
    <property name="line.separator" value="
"/>
    <property name="java.vm.specification.vendor" value="Sun Microsystems Inc."/>
    <property name="os.name" value="Mac OS X"/>
    <property name="sun.jnu.encoding" value="MacRoman"/>
    <property name="java.library.path" value=".:/Library/Java/Extensions:/System/Library/Java/Extensions:/usr/lib/java"/>
    <property name="surefire.test.class.path" value="/Users/Ramkumar/Sites/chess/target/test-classes:/Users/Ramkumar/Sites/chess/target/classes:/Users/Ramkumar/.m2/repository/junit/junit/4.11/junit-4.11.jar:/Users/Ramkumar/.m2/repository/org/hamcrest/hamcrest-core/1.3/hamcrest-core-1.3.jar:/Users/Ramkumar/.m2/repository/org/springframework/spring-orm/3.2.0.RELEASE/spring-orm-3.2.0.RELEASE.jar:/Users/Ramkumar/.m2/repository/org/springframework/spring-core/3.2.0.RELEASE/spring-core-3.2.0.RELEASE.jar:/Users/Ramkumar/.m2/repository/commons-logging/commons-logging/1.1.1/commons-logging-1.1.1.jar:/Users/Ramkumar/.m2/repository/org/springframework/spring-jdbc/3.2.0.RELEASE/spring-jdbc-3.2.0.RELEASE.jar:/Users/Ramkumar/.m2/repository/org/springframework/spring-tx/3.2.0.RELEASE/spring-tx-3.2.0.RELEASE.jar:/Users/Ramkumar/.m2/repository/aopalliance/aopalliance/1.0/aopalliance-1.0.jar:/Users/Ramkumar/.m2/repository/org/springframework/spring-beans/3.2.0.RELEASE/spring-beans-3.2.0.RELEASE.jar:/Users/Ramkumar/.m2/repository/org/springframework/spring-webmvc/3.2.0.RELEASE/spring-webmvc-3.2.0.RELEASE.jar:/Users/Ramkumar/.m2/repository/org/springframework/spring-context/3.2.0.RELEASE/spring-context-3.2.0.RELEASE.jar:/Users/Ramkumar/.m2/repository/org/springframework/spring-aop/3.2.0.RELEASE/spring-aop-3.2.0.RELEASE.jar:/Users/Ramkumar/.m2/repository/org/springframework/spring-web/3.2.0.RELEASE/spring-web-3.2.0.RELEASE.jar:/Users/Ramkumar/.m2/repository/org/springframework/spring-expression/3.2.0.RELEASE/spring-expression-3.2.0.RELEASE.jar:"/>
    <property name="java.specification.name" value="Java Platform API Specification"/>
    <property name="java.class.version" value="50.0"/>
    <property name="sun.management.compiler" value="HotSpot 64-Bit Tiered Compilers"/>
    <property name="os.version" value="10.7.5"/>
    <property name="http.nonProxyHosts" value="local|*.local|169.254/16|*.169.254/16"/>
    <property name="user.home" value="/Users/Ramkumar"/>
    <property name="user.timezone" value=""/>
    <property name="java.awt.printerjob" value="apple.awt.CPrinterJob"/>
    <property name="java.specification.version" value="1.6"/>
    <property name="file.encoding" value="MacRoman"/>
    <property name="user.name" value="Ramkumar"/>
    <property name="java.class.path" value="/Users/Ramkumar/Sites/chess/target/test-classes:/Users/Ramkumar/Sites/chess/target/classes:/Users/Ramkumar/.m2/repository/junit/junit/4.11/junit-4.11.jar:/Users/Ramkumar/.m2/repository/org/hamcrest/hamcrest-core/1.3/hamcrest-core-1.3.jar:/Users/Ramkumar/.m2/repository/org/springframework/spring-orm/3.2.0.RELEASE/spring-orm-3.2.0.RELEASE.jar:/Users/Ramkumar/.m2/repository/org/springframework/spring-core/3.2.0.RELEASE/spring-core-3.2.0.RELEASE.jar:/Users/Ramkumar/.m2/repository/commons-logging/commons-logging/1.1.1/commons-logging-1.1.1.jar:/Users/Ramkumar/.m2/repository/org/springframework/spring-jdbc/3.2.0.RELEASE/spring-jdbc-3.2.0.RELEASE.jar:/Users/Ramkumar/.m2/repository/org/springframework/spring-tx/3.2.0.RELEASE/spring-tx-3.2.0.RELEASE.jar:/Users/Ramkumar/.m2/repository/aopalliance/aopalliance/1.0/aopalliance-1.0.jar:/Users/Ramkumar/.m2/repository/org/springframework/spring-beans/3.2.0.RELEASE/spring-beans-3.2.0.RELEASE.jar:/Users/Ramkumar/.m2/repository/org/springframework/spring-webmvc/3.2.0.RELEASE/spring-webmvc-3.2.0.RELEASE.jar:/Users/Ramkumar/.m2/repository/org/springframework/spring-context/3.2.0.RELEASE/spring-context-3.2.0.RELEASE.jar:/Users/Ramkumar/.m2/repository/org/springframework/spring-aop/3.2.0.RELEASE/spring-aop-3.2.0.RELEASE.jar:/Users/Ramkumar/.m2/repository/org/springframework/spring-web/3.2.0.RELEASE/spring-web-3.2.0.RELEASE.jar:/Users/Ramkumar/.m2/repository/org/springframework/spring-expression/3.2.0.RELEASE/spring-expression-3.2.0.RELEASE.jar:"/>
    <property name="java.vm.specification.version" value="1.0"/>
    <property name="sun.arch.data.model" value="64"/>
    <property name="java.home" value="/System/Library/Java/JavaVirtualMachines/1.6.0.jdk/Contents/Home"/>
    <property name="sun.java.command" value="/Users/Ramkumar/Sites/chess/target/surefire/surefirebooter7107942297991423490.jar /Users/Ramkumar/Sites/chess/target/surefire/surefire8738979125342774358tmp /Users/Ramkumar/Sites/chess/target/surefire/surefire1592323722419601118tmp"/>
    <property name="java.specification.vendor" value="Sun Microsystems Inc."/>
    <property name="user.language" value="en"/>
    <property name="awt.toolkit" value="apple.awt.CToolkit"/>
    <property name="java.vm.info" value="mixed mode"/>
    <property name="java.version" value="1.6.0_43"/>
    <property name="java.ext.dirs" value="/Library/Java/Extensions:/System/Library/Java/Extensions:/System/Library/Java/JavaVirtualMachines/1.6.0.jdk/Contents/Home/lib/ext"/>
    <property name="sun.boot.class.path" value="/System/Library/Java/JavaVirtualMachines/1.6.0.jdk/Contents/Classes/jsfd.jar:/System/Library/Java/JavaVirtualMachines/1.6.0.jdk/Contents/Classes/classes.jar:/System/Library/Frameworks/JavaVM.framework/Frameworks/JavaRuntimeSupport.framework/Resources/Java/JavaRuntimeSupport.jar:/System/Library/Java/JavaVirtualMachines/1.6.0.jdk/Contents/Classes/ui.jar:/System/Library/Java/JavaVirtualMachines/1.6.0.jdk/Contents/Classes/laf.jar:/System/Library/Java/JavaVirtualMachines/1.6.0.jdk/Contents/Classes/sunrsasign.jar:/System/Library/Java/JavaVirtualMachines/1.6.0.jdk/Contents/Classes/jsse.jar:/System/Library/Java/JavaVirtualMachines/1.6.0.jdk/Contents/Classes/jce.jar:/System/Library/Java/JavaVirtualMachines/1.6.0.jdk/Contents/Classes/charsets.jar"/>
    <property name="java.vendor" value="Apple Inc."/>
    <property name="localRepository" value="/Users/Ramkumar/.m2/repository"/>
    <property name="file.separator" value="/"/>
    <property name="java.vendor.url.bug" value="http://bugreport.apple.com/"/>
    <property name="sun.cpu.endian" value="little"/>
    <property name="sun.io.unicode.encoding" value="UnicodeLittle"/>
    <property name="mrj.version" value="1070.1.6.0_43-447"/>
    <property name="socksNonProxyHosts" value="local|*.local|169.254/16|*.169.254/16"/>
    <property name="ftp.nonProxyHosts" value="local|*.local|169.254/16|*.169.254/16"/>
    <property name="sun.cpu.isalist" value=""/>
  </properties>
  <testcase time="0.002" classname="DrawSquareTest" name="initialize"/>
</testsuite>